  [1m[35m (67.1ms)[0m  [1m[35mCREATE DATABASE "first_routes_development" ENCODING = 'unicode'[0m
  [1m[35m (45.7ms)[0m  [1m[35mCREATE DATABASE "first_routes_test" ENCODING = 'unicode'[0m
  [1m[35m (123.5ms)[0m  [1m[35mCREATE DATABASE "first_routes_development" ENCODING = 'unicode'[0m
  [1m[35m (38.7ms)[0m  [1m[35mCREATE DATABASE "first_routes_test" ENCODING = 'unicode'[0m
Started GET "/" for 127.0.0.1 at 2023-06-28 16:17:04 -0700
Processing by Rails::WelcomeController#index as HTML
  Rendering /Users/juliouribe/.rbenv/versions/3.1.1/lib/ruby/gems/3.1.0/gems/railties-7.0.5.1/lib/rails/templates/rails/welcome/index.html.erb
  Rendered /Users/juliouribe/.rbenv/versions/3.1.1/lib/ruby/gems/3.1.0/gems/railties-7.0.5.1/lib/rails/templates/rails/welcome/index.html.erb (Duration: 1.7ms | Allocations: 528)
Completed 200 OK in 12ms (Views: 4.8ms | ActiveRecord: 0.0ms | Allocations: 4563)


Started GET "/" for 127.0.0.1 at 2023-06-28 16:19:38 -0700
Processing by Rails::WelcomeController#index as HTML
  Rendering /Users/juliouribe/.rbenv/versions/3.1.1/lib/ruby/gems/3.1.0/gems/railties-7.0.5.1/lib/rails/templates/rails/welcome/index.html.erb
  Rendered /Users/juliouribe/.rbenv/versions/3.1.1/lib/ruby/gems/3.1.0/gems/railties-7.0.5.1/lib/rails/templates/rails/welcome/index.html.erb (Duration: 0.9ms | Allocations: 528)
Completed 200 OK in 6ms (Views: 2.8ms | ActiveRecord: 0.0ms | Allocations: 4563)


Started GET "/" for 127.0.0.1 at 2023-06-28 16:20:05 -0700
Processing by Rails::WelcomeController#index as HTML
  Rendering /Users/juliouribe/.rbenv/versions/3.1.1/lib/ruby/gems/3.1.0/gems/railties-7.0.5.1/lib/rails/templates/rails/welcome/index.html.erb
  Rendered /Users/juliouribe/.rbenv/versions/3.1.1/lib/ruby/gems/3.1.0/gems/railties-7.0.5.1/lib/rails/templates/rails/welcome/index.html.erb (Duration: 1.5ms | Allocations: 278)
Completed 200 OK in 3ms (Views: 2.5ms | ActiveRecord: 0.0ms | Allocations: 986)


Started GET "/users" for 127.0.0.1 at 2023-06-28 16:22:35 -0700

AbstractController::ActionNotFound - The action 'index' could not be found for UsersController:

Started GET "/users" for 127.0.0.1 at 2023-06-28 16:23:32 -0700

AbstractController::ActionNotFound - The action 'index' could not be found for UsersController:

Started GET "/users" for 127.0.0.1 at 2023-06-28 16:24:02 -0700
Processing by UsersController#index as */*
No template found for UsersController#index, rendering head :no_content
Completed 204 No Content in 0ms (ActiveRecord: 0.0ms | Allocations: 272)


Started GET "/users" for ::1 at 2023-06-28 16:25:28 -0700
Processing by UsersController#index as */*
No template found for UsersController#index, rendering head :no_content
Completed 204 No Content in 0ms (ActiveRecord: 0.0ms | Allocations: 80)


Started GET "/users" for ::1 at 2023-06-28 16:25:46 -0700
Processing by UsersController#index as HTML
Completed 406 Not Acceptable in 1ms (ActiveRecord: 0.0ms | Allocations: 687)



ActionController::MissingExactTemplate - UsersController#index is missing a template for request formats: text/html:

Started POST "/__better_errors/3d054d474703d036/variables" for ::1 at 2023-06-28 16:25:46 -0700
Started GET "/users" for ::1 at 2023-06-28 16:26:51 -0700
Processing by UsersController#index as */*
  Rendering text template
  Rendered text template (Duration: 0.0ms | Allocations: 13)
Completed 200 OK in 3ms (Views: 3.3ms | ActiveRecord: 0.0ms | Allocations: 1327)


Started GET "/users" for ::1 at 2023-06-28 16:27:04 -0700
Processing by UsersController#index as HTML
  Rendering text template
  Rendered text template (Duration: 0.0ms | Allocations: 5)
Completed 200 OK in 0ms (Views: 0.3ms | ActiveRecord: 0.0ms | Allocations: 163)


